# JRE version: OpenJDK Runtime Environment (8.0_242-b01) (build 1.8.0_242-release-1644-b01)
# Java VM: OpenJDK 64-Bit Server VM (25.242-b01 mixed mode windows-amd64 compressed oops)
Heap:
 PSYoungGen      total 207360K, used 48887K [0x00000000d5580000, 0x00000000e3100000, 0x0000000100000000)
  eden space 193536K, 25% used [0x00000000d5580000,0x00000000d853de38,0x00000000e1280000)
  from space 13824K, 0% used [0x00000000e2000000,0x00000000e2000000,0x00000000e2d80000)
  to   space 13824K, 0% used [0x00000000e1280000,0x00000000e1280000,0x00000000e2000000)
 ParOldGen       total 86016K, used 37863K [0x0000000080000000, 0x0000000085400000, 0x00000000d5580000)
  object space 86016K, 44% used [0x0000000080000000,0x00000000824f9e90,0x0000000085400000)
 Metaspace       used 59743K, capacity 62132K, committed 62232K, reserved 1103872K
  class space    used 8272K, capacity 8743K, committed 8752K, reserved 1048576K
GC Heap History (10 events):
Event: 5.141 GC heap before
{Heap before GC invocations=9 (full 1):
 PSYoungGen      total 133632K, used 53197K [0x00000000d5580000, 0x00000000e2d80000, 0x0000000100000000)
  eden space 122880K, 34% used [0x00000000d5580000,0x00000000d7ef9410,0x00000000dcd80000)
  from space 10752K, 99% used [0x00000000dcd80000,0x00000000dd7fa378,0x00000000dd800000)
  to   space 13824K, 0% used [0x00000000e2000000,0x00000000e2000000,0x00000000e2d80000)
 ParOldGen       total 59392K, used 13067K [0x0000000080000000, 0x0000000083a00000, 0x00000000d5580000)
  object space 59392K, 22% used [0x0000000080000000,0x0000000080cc2f88,0x0000000083a00000)
 Metaspace       used 34341K, capacity 35420K, committed 35496K, reserved 1079296K
  class space    used 4724K, capacity 5003K, committed 5040K, reserved 1048576K
Event: 5.153 GC heap after
Heap after GC invocations=9 (full 1):
 PSYoungGen      total 207360K, used 8552K [0x00000000d5580000, 0x00000000e3100000, 0x0000000100000000)
  eden space 193536K, 0% used [0x00000000d5580000,0x00000000d5580000,0x00000000e1280000)
  from space 13824K, 61% used [0x00000000e2000000,0x00000000e285a010,0x00000000e2d80000)
  to   space 13824K, 0% used [0x00000000e1280000,0x00000000e1280000,0x00000000e2000000)
 ParOldGen       total 59392K, used 13075K [0x0000000080000000, 0x0000000083a00000, 0x00000000d5580000)
  object space 59392K, 22% used [0x0000000080000000,0x0000000080cc4f88,0x0000000083a00000)
 Metaspace       used 34341K, capacity 35420K, committed 35496K, reserved 1079296K
  class space    used 4724K, capacity 5003K, committed 5040K, reserved 1048576K
}
Event: 5.153 GC heap before
{Heap before GC invocations=10 (full 2):
 PSYoungGen      total 207360K, used 8552K [0x00000000d5580000, 0x00000000e3100000, 0x0000000100000000)
  eden space 193536K, 0% used [0x00000000d5580000,0x00000000d5580000,0x00000000e1280000)
  from space 13824K, 61% used [0x00000000e2000000,0x00000000e285a010,0x00000000e2d80000)
  to   space 13824K, 0% used [0x00000000e1280000,0x00000000e1280000,0x00000000e2000000)
 ParOldGen       total 59392K, used 13075K [0x0000000080000000, 0x0000000083a00000, 0x00000000d5580000)
  object space 59392K, 22% used [0x0000000080000000,0x0000000080cc4f88,0x0000000083a00000)
 Metaspace       used 34341K, capacity 35420K, committed 35496K, reserved 1079296K
  class space    used 4724K, capacity 5003K, committed 5040K, reserved 1048576K
Event: 5.216 GC heap after
Heap after GC invocations=10 (full 2):
 PSYoungGen      total 207360K, used 0K [0x00000000d5580000, 0x00000000e3100000, 0x0000000100000000)
  eden space 193536K, 0% used [0x00000000d5580000,0x00000000d5580000,0x00000000e1280000)
  from space 13824K, 0% used [0x00000000e2000000,0x00000000e2000000,0x00000000e2d80000)
  to   space 13824K, 0% used [0x00000000e1280000,0x00000000e1280000,0x00000000e2000000)
 ParOldGen       total 86016K, used 14855K [0x0000000080000000, 0x0000000085400000, 0x00000000d5580000)
  object space 86016K, 17% used [0x0000000080000000,0x0000000080e81c28,0x0000000085400000)
 Metaspace       used 34341K, capacity 35420K, committed 35496K, reserved 1079296K
  class space    used 4724K, capacity 5003K, committed 5040K, reserved 1048576K
}
Event: 7.058 GC heap before
{Heap before GC invocations=11 (full 2):
 PSYoungGen      total 207360K, used 193536K [0x00000000d5580000, 0x00000000e3100000, 0x0000000100000000)
  eden space 193536K, 100% used [0x00000000d5580000,0x00000000e1280000,0x00000000e1280000)
  from space 13824K, 0% used [0x00000000e2000000,0x00000000e2000000,0x00000000e2d80000)
  to   space 13824K, 0% used [0x00000000e1280000,0x00000000e1280000,0x00000000e2000000)
 ParOldGen       total 86016K, used 14855K [0x0000000080000000, 0x0000000085400000, 0x00000000d5580000)
  object space 86016K, 17% used [0x0000000080000000,0x0000000080e81c28,0x0000000085400000)
 Metaspace       used 45158K, capacity 47056K, committed 47272K, reserved 1089536K
  class space    used 6127K, capacity 6482K, committed 6576K, reserved 1048576K
Event: 7.077 GC heap after
Heap after GC invocations=11 (full 2):
 PSYoungGen      total 207360K, used 13818K [0x00000000d5580000, 0x00000000e3100000, 0x0000000100000000)
  eden space 193536K, 0% used [0x00000000d5580000,0x00000000d5580000,0x00000000e1280000)
  from space 13824K, 99% used [0x00000000e1280000,0x00000000e1ffe9b8,0x00000000e2000000)
  to   space 13824K, 0% used [0x00000000e2000000,0x00000000e2000000,0x00000000e2d80000)
 ParOldGen       total 86016K, used 17754K [0x0000000080000000, 0x0000000085400000, 0x00000000d5580000)
  object space 86016K, 20% used [0x0000000080000000,0x00000000811568d8,0x0000000085400000)
 Metaspace       used 45158K, capacity 47056K, committed 47272K, reserved 1089536K
  class space    used 6127K, capacity 6482K, committed 6576K, reserved 1048576K
}
Event: 9.110 GC heap before
{Heap before GC invocations=12 (full 2):
 PSYoungGen      total 207360K, used 159615K [0x00000000d5580000, 0x00000000e3100000, 0x0000000100000000)
  eden space 193536K, 75% used [0x00000000d5580000,0x00000000de3e15d0,0x00000000e1280000)
  from space 13824K, 99% used [0x00000000e1280000,0x00000000e1ffe9b8,0x00000000e2000000)
  to   space 13824K, 0% used [0x00000000e2000000,0x00000000e2000000,0x00000000e2d80000)
 ParOldGen       total 86016K, used 17754K [0x0000000080000000, 0x0000000085400000, 0x00000000d5580000)
  object space 86016K, 20% used [0x0000000080000000,0x00000000811568d8,0x0000000085400000)
 Metaspace       used 56708K, capacity 59108K, committed 59160K, reserved 1099776K
  class space    used 7772K, capacity 8237K, committed 8240K, reserved 1048576K
Event: 9.144 GC heap after
Heap after GC invocations=12 (full 2):
 PSYoungGen      total 207360K, used 13796K [0x00000000d5580000, 0x00000000e3100000, 0x0000000100000000)
  eden space 193536K, 0% used [0x00000000d5580000,0x00000000d5580000,0x00000000e1280000)
  from space 13824K, 99% used [0x00000000e2000000,0x00000000e2d79310,0x00000000e2d80000)
  to   space 13824K, 0% used [0x00000000e1280000,0x00000000e1280000,0x00000000e2000000)
 ParOldGen       total 86016K, used 29965K [0x0000000080000000, 0x0000000085400000, 0x00000000d5580000)
  object space 86016K, 34% used [0x0000000080000000,0x0000000081d43468,0x0000000085400000)
 Metaspace       used 56708K, capacity 59108K, committed 59160K, reserved 1099776K
  class space    used 7772K, capacity 8237K, committed 8240K, reserved 1048576K
}
Event: 9.144 GC heap before
{Heap before GC invocations=13 (full 3):
 PSYoungGen      total 207360K, used 13796K [0x00000000d5580000, 0x00000000e3100000, 0x0000000100000000)
  eden space 193536K, 0% used [0x00000000d5580000,0x00000000d5580000,0x00000000e1280000)
  from space 13824K, 99% used [0x00000000e2000000,0x00000000e2d79310,0x00000000e2d80000)
  to   space 13824K, 0% used [0x00000000e1280000,0x00000000e1280000,0x00000000e2000000)
 ParOldGen       total 86016K, used 29965K [0x0000000080000000, 0x0000000085400000, 0x00000000d5580000)
  object space 86016K, 34% used [0x0000000080000000,0x0000000081d43468,0x0000000085400000)
 Metaspace       used 56708K, capacity 59108K, committed 59160K, reserved 1099776K
  class space    used 7772K, capacity 8237K, committed 8240K, reserved 1048576K
Event: 9.334 GC heap after
Heap after GC invocations=13 (full 3):
 PSYoungGen      total 207360K, used 0K [0x00000000d5580000, 0x00000000e3100000, 0x0000000100000000)
  eden space 193536K, 0% used [0x00000000d5580000,0x00000000d5580000,0x00000000e1280000)
  from space 13824K, 0% used [0x00000000e2000000,0x00000000e2000000,0x00000000e2d80000)
  to   space 13824K, 0% used [0x00000000e1280000,0x00000000e1280000,0x00000000e2000000)
 ParOldGen       total 86016K, used 37863K [0x0000000080000000, 0x0000000085400000, 0x00000000d5580000)
  object space 86016K, 44% used [0x0000000080000000,0x00000000824f9e90,0x0000000085400000)
 Metaspace       used 56630K, capacity 58844K, committed 59160K, reserved 1099776K
  class space    used 7748K, capacity 8193K, committed 8240K, reserved 1048576K
}

