# JRE version: OpenJDK Runtime Environment (8.0_242-b01) (build 1.8.0_242-release-1644-b01)
# Java VM: OpenJDK 64-Bit Server VM (25.242-b01 mixed mode windows-amd64 compressed oops)
Heap:
 PSYoungGen      total 127488K, used 122371K [0x00000000d5580000, 0x00000000dd680000, 0x0000000100000000)
  eden space 122880K, 95% used [0x00000000d5580000,0x00000000dc888ed8,0x00000000dcd80000)
  from space 4608K, 99% used [0x00000000dd200000,0x00000000dd678030,0x00000000dd680000)
  to   space 4608K, 0% used [0x00000000dcd80000,0x00000000dcd80000,0x00000000dd200000)
 ParOldGen       total 60928K, used 27929K [0x0000000080000000, 0x0000000083b80000, 0x00000000d5580000)
  object space 60928K, 45% used [0x0000000080000000,0x0000000081b46750,0x0000000083b80000)
 Metaspace       used 50716K, capacity 52854K, committed 53160K, reserved 1095680K
  class space    used 6802K, capacity 7239K, committed 7344K, reserved 1048576K
GC Heap History (10 events):
Event: 2.731 GC heap before
{Heap before GC invocations=6 (full 1):
 PSYoungGen      total 127488K, used 4592K [0x00000000d5580000, 0x00000000dd680000, 0x0000000100000000)
  eden space 122880K, 0% used [0x00000000d5580000,0x00000000d5580000,0x00000000dcd80000)
  from space 4608K, 99% used [0x00000000dcd80000,0x00000000dd1fc030,0x00000000dd200000)
  to   space 4608K, 0% used [0x00000000dd200000,0x00000000dd200000,0x00000000dd680000)
 ParOldGen       total 80896K, used 11861K [0x0000000080000000, 0x0000000084f00000, 0x00000000d5580000)
  object space 80896K, 14% used [0x0000000080000000,0x0000000080b95540,0x0000000084f00000)
 Metaspace       used 20557K, capacity 21224K, committed 21296K, reserved 1067008K
  class space    used 2877K, capacity 3076K, committed 3120K, reserved 1048576K
Event: 2.777 GC heap after
Heap after GC invocations=6 (full 1):
 PSYoungGen      total 127488K, used 0K [0x00000000d5580000, 0x00000000dd680000, 0x0000000100000000)
  eden space 122880K, 0% used [0x00000000d5580000,0x00000000d5580000,0x00000000dcd80000)
  from space 4608K, 0% used [0x00000000dcd80000,0x00000000dcd80000,0x00000000dd200000)
  to   space 4608K, 0% used [0x00000000dd200000,0x00000000dd200000,0x00000000dd680000)
 ParOldGen       total 60928K, used 9914K [0x0000000080000000, 0x0000000083b80000, 0x00000000d5580000)
  object space 60928K, 16% used [0x0000000080000000,0x00000000809aea40,0x0000000083b80000)
 Metaspace       used 20557K, capacity 21224K, committed 21296K, reserved 1067008K
  class space    used 2877K, capacity 3076K, committed 3120K, reserved 1048576K
}
Event: 4.167 GC heap before
{Heap before GC invocations=7 (full 1):
 PSYoungGen      total 127488K, used 122880K [0x00000000d5580000, 0x00000000dd680000, 0x0000000100000000)
  eden space 122880K, 100% used [0x00000000d5580000,0x00000000dcd80000,0x00000000dcd80000)
  from space 4608K, 0% used [0x00000000dcd80000,0x00000000dcd80000,0x00000000dd200000)
  to   space 4608K, 0% used [0x00000000dd200000,0x00000000dd200000,0x00000000dd680000)
 ParOldGen       total 60928K, used 9914K [0x0000000080000000, 0x0000000083b80000, 0x00000000d5580000)
  object space 60928K, 16% used [0x0000000080000000,0x00000000809aea40,0x0000000083b80000)
 Metaspace       used 32553K, capacity 33572K, committed 33712K, reserved 1079296K
  class space    used 4444K, capacity 4718K, committed 4784K, reserved 1048576K
Event: 4.179 GC heap after
Heap after GC invocations=7 (full 1):
 PSYoungGen      total 127488K, used 4592K [0x00000000d5580000, 0x00000000dd680000, 0x0000000100000000)
  eden space 122880K, 0% used [0x00000000d5580000,0x00000000d5580000,0x00000000dcd80000)
  from space 4608K, 99% used [0x00000000dd200000,0x00000000dd67c010,0x00000000dd680000)
  to   space 4608K, 0% used [0x00000000dcd80000,0x00000000dcd80000,0x00000000dd200000)
 ParOldGen       total 60928K, used 18754K [0x0000000080000000, 0x0000000083b80000, 0x00000000d5580000)
  object space 60928K, 30% used [0x0000000080000000,0x0000000081250830,0x0000000083b80000)
 Metaspace       used 32553K, capacity 33572K, committed 33712K, reserved 1079296K
  class space    used 4444K, capacity 4718K, committed 4784K, reserved 1048576K
}
Event: 4.535 GC heap before
{Heap before GC invocations=8 (full 1):
 PSYoungGen      total 127488K, used 48441K [0x00000000d5580000, 0x00000000dd680000, 0x0000000100000000)
  eden space 122880K, 35% used [0x00000000d5580000,0x00000000d8052620,0x00000000dcd80000)
  from space 4608K, 99% used [0x00000000dd200000,0x00000000dd67c010,0x00000000dd680000)
  to   space 4608K, 0% used [0x00000000dcd80000,0x00000000dcd80000,0x00000000dd200000)
 ParOldGen       total 60928K, used 18754K [0x0000000080000000, 0x0000000083b80000, 0x00000000d5580000)
  object space 60928K, 30% used [0x0000000080000000,0x0000000081250830,0x0000000083b80000)
 Metaspace       used 34330K, capacity 35420K, committed 35496K, reserved 1079296K
  class space    used 4732K, capacity 5003K, committed 5040K, reserved 1048576K
Event: 4.544 GC heap after
Heap after GC invocations=8 (full 1):
 PSYoungGen      total 127488K, used 4592K [0x00000000d5580000, 0x00000000dd680000, 0x0000000100000000)
  eden space 122880K, 0% used [0x00000000d5580000,0x00000000d5580000,0x00000000dcd80000)
  from space 4608K, 99% used [0x00000000dcd80000,0x00000000dd1fc010,0x00000000dd200000)
  to   space 4608K, 0% used [0x00000000dd200000,0x00000000dd200000,0x00000000dd680000)
 ParOldGen       total 60928K, used 21498K [0x0000000080000000, 0x0000000083b80000, 0x00000000d5580000)
  object space 60928K, 35% used [0x0000000080000000,0x00000000814fe840,0x0000000083b80000)
 Metaspace       used 34330K, capacity 35420K, committed 35496K, reserved 1079296K
  class space    used 4732K, capacity 5003K, committed 5040K, reserved 1048576K
}
Event: 4.544 GC heap before
{Heap before GC invocations=9 (full 2):
 PSYoungGen      total 127488K, used 4592K [0x00000000d5580000, 0x00000000dd680000, 0x0000000100000000)
  eden space 122880K, 0% used [0x00000000d5580000,0x00000000d5580000,0x00000000dcd80000)
  from space 4608K, 99% used [0x00000000dcd80000,0x00000000dd1fc010,0x00000000dd200000)
  to   space 4608K, 0% used [0x00000000dd200000,0x00000000dd200000,0x00000000dd680000)
 ParOldGen       total 60928K, used 21498K [0x0000000080000000, 0x0000000083b80000, 0x00000000d5580000)
  object space 60928K, 35% used [0x0000000080000000,0x00000000814fe840,0x0000000083b80000)
 Metaspace       used 34330K, capacity 35420K, committed 35496K, reserved 1079296K
  class space    used 4732K, capacity 5003K, committed 5040K, reserved 1048576K
Event: 4.619 GC heap after
Heap after GC invocations=9 (full 2):
 PSYoungGen      total 127488K, used 0K [0x00000000d5580000, 0x00000000dd680000, 0x0000000100000000)
  eden space 122880K, 0% used [0x00000000d5580000,0x00000000d5580000,0x00000000dcd80000)
  from space 4608K, 0% used [0x00000000dcd80000,0x00000000dcd80000,0x00000000dd200000)
  to   space 4608K, 0% used [0x00000000dd200000,0x00000000dd200000,0x00000000dd680000)
 ParOldGen       total 60928K, used 21769K [0x0000000080000000, 0x0000000083b80000, 0x00000000d5580000)
  object space 60928K, 35% used [0x0000000080000000,0x0000000081542658,0x0000000083b80000)
 Metaspace       used 34330K, capacity 35420K, committed 35496K, reserved 1079296K
  class space    used 4732K, capacity 5003K, committed 5040K, reserved 1048576K
}
Event: 5.680 GC heap before
{Heap before GC invocations=10 (full 2):
 PSYoungGen      total 127488K, used 122880K [0x00000000d5580000, 0x00000000dd680000, 0x0000000100000000)
  eden space 122880K, 100% used [0x00000000d5580000,0x00000000dcd80000,0x00000000dcd80000)
  from space 4608K, 0% used [0x00000000dcd80000,0x00000000dcd80000,0x00000000dd200000)
  to   space 4608K, 0% used [0x00000000dd200000,0x00000000dd200000,0x00000000dd680000)
 ParOldGen       total 60928K, used 21769K [0x0000000080000000, 0x0000000083b80000, 0x00000000d5580000)
  object space 60928K, 35% used [0x0000000080000000,0x0000000081542658,0x0000000083b80000)
 Metaspace       used 39693K, capacity 41560K, committed 41768K, reserved 1085440K
  class space    used 5492K, capacity 5878K, committed 5936K, reserved 1048576K
Event: 5.695 GC heap after
Heap after GC invocations=10 (full 2):
 PSYoungGen      total 127488K, used 4576K [0x00000000d5580000, 0x00000000dd680000, 0x0000000100000000)
  eden space 122880K, 0% used [0x00000000d5580000,0x00000000d5580000,0x00000000dcd80000)
  from space 4608K, 99% used [0x00000000dd200000,0x00000000dd678030,0x00000000dd680000)
  to   space 4608K, 0% used [0x00000000dcd80000,0x00000000dcd80000,0x00000000dd200000)
 ParOldGen       total 60928K, used 27929K [0x0000000080000000, 0x0000000083b80000, 0x00000000d5580000)
  object space 60928K, 45% used [0x0000000080000000,0x0000000081b46750,0x0000000083b80000)
 Metaspace       used 39693K, capacity 41560K, committed 41768K, reserved 1085440K
  class space    used 5492K, capacity 5878K, committed 5936K, reserved 1048576K
}

