# JRE version: OpenJDK Runtime Environment (8.0_242-b01) (build 1.8.0_242-release-1644-b01)
# Java VM: OpenJDK 64-Bit Server VM (25.242-b01 mixed mode windows-amd64 compressed oops)
Heap:
 PSYoungGen      total 117248K, used 23198K [0x00000000d5580000, 0x00000000e3600000, 0x0000000100000000)
  eden space 112640K, 16% used [0x00000000d5580000,0x00000000d67a7ba0,0x00000000dc380000)
  from space 4608K, 100% used [0x00000000dd200000,0x00000000dd680000,0x00000000dd680000)
  to   space 14848K, 0% used [0x00000000dc380000,0x00000000dc380000,0x00000000dd200000)
 ParOldGen       total 56320K, used 16691K [0x0000000080000000, 0x0000000083700000, 0x00000000d5580000)
  object space 56320K, 29% used [0x0000000080000000,0x000000008104ce38,0x0000000083700000)
 Metaspace       used 33282K, capacity 34290K, committed 34608K, reserved 1079296K
  class space    used 4565K, capacity 4826K, committed 4912K, reserved 1048576K
GC Heap History (10 events):
Event: 1.813 GC heap before
{Heap before GC invocations=3 (full 0):
 PSYoungGen      total 66048K, used 64637K [0x00000000d5580000, 0x00000000d9a80000, 0x0000000100000000)
  eden space 61440K, 100% used [0x00000000d5580000,0x00000000d9180000,0x00000000d9180000)
  from space 4608K, 69% used [0x00000000d9600000,0x00000000d991f7f0,0x00000000d9a80000)
  to   space 4608K, 0% used [0x00000000d9180000,0x00000000d9180000,0x00000000d9600000)
 ParOldGen       total 80896K, used 24K [0x0000000080000000, 0x0000000084f00000, 0x00000000d5580000)
  object space 80896K, 0% used [0x0000000080000000,0x0000000080006000,0x0000000084f00000)
 Metaspace       used 13493K, capacity 13928K, committed 14080K, reserved 1060864K
  class space    used 1852K, capacity 1980K, committed 2048K, reserved 1048576K
Event: 1.823 GC heap after
Heap after GC invocations=3 (full 0):
 PSYoungGen      total 66048K, used 4576K [0x00000000d5580000, 0x00000000dd680000, 0x0000000100000000)
  eden space 61440K, 0% used [0x00000000d5580000,0x00000000d5580000,0x00000000d9180000)
  from space 4608K, 99% used [0x00000000d9180000,0x00000000d95f8040,0x00000000d9600000)
  to   space 4608K, 0% used [0x00000000dd200000,0x00000000dd200000,0x00000000dd680000)
 ParOldGen       total 80896K, used 3602K [0x0000000080000000, 0x0000000084f00000, 0x00000000d5580000)
  object space 80896K, 4% used [0x0000000080000000,0x0000000080384818,0x0000000084f00000)
 Metaspace       used 13493K, capacity 13928K, committed 14080K, reserved 1060864K
  class space    used 1852K, capacity 1980K, committed 2048K, reserved 1048576K
}
Event: 2.460 GC heap before
{Heap before GC invocations=4 (full 0):
 PSYoungGen      total 66048K, used 66016K [0x00000000d5580000, 0x00000000dd680000, 0x0000000100000000)
  eden space 61440K, 100% used [0x00000000d5580000,0x00000000d9180000,0x00000000d9180000)
  from space 4608K, 99% used [0x00000000d9180000,0x00000000d95f8040,0x00000000d9600000)
  to   space 4608K, 0% used [0x00000000dd200000,0x00000000dd200000,0x00000000dd680000)
 ParOldGen       total 80896K, used 3602K [0x0000000080000000, 0x0000000084f00000, 0x00000000d5580000)
  object space 80896K, 4% used [0x0000000080000000,0x0000000080384818,0x0000000084f00000)
 Metaspace       used 19244K, capacity 19870K, committed 20096K, reserved 1067008K
  class space    used 2659K, capacity 2841K, committed 2944K, reserved 1048576K
Event: 2.479 GC heap after
Heap after GC invocations=4 (full 0):
 PSYoungGen      total 127488K, used 4576K [0x00000000d5580000, 0x00000000dd680000, 0x0000000100000000)
  eden space 122880K, 0% used [0x00000000d5580000,0x00000000d5580000,0x00000000dcd80000)
  from space 4608K, 99% used [0x00000000dd200000,0x00000000dd678020,0x00000000dd680000)
  to   space 4608K, 0% used [0x00000000dcd80000,0x00000000dcd80000,0x00000000dd200000)
 ParOldGen       total 80896K, used 10130K [0x0000000080000000, 0x0000000084f00000, 0x00000000d5580000)
  object space 80896K, 12% used [0x0000000080000000,0x00000000809e49d0,0x0000000084f00000)
 Metaspace       used 19244K, capacity 19870K, committed 20096K, reserved 1067008K
  class space    used 2659K, capacity 2841K, committed 2944K, reserved 1048576K
}
Event: 2.654 GC heap before
{Heap before GC invocations=5 (full 0):
 PSYoungGen      total 127488K, used 26341K [0x00000000d5580000, 0x00000000dd680000, 0x0000000100000000)
  eden space 122880K, 17% used [0x00000000d5580000,0x00000000d6ac1740,0x00000000dcd80000)
  from space 4608K, 99% used [0x00000000dd200000,0x00000000dd678020,0x00000000dd680000)
  to   space 4608K, 0% used [0x00000000dcd80000,0x00000000dcd80000,0x00000000dd200000)
 ParOldGen       total 80896K, used 10130K [0x0000000080000000, 0x0000000084f00000, 0x00000000d5580000)
  object space 80896K, 12% used [0x0000000080000000,0x00000000809e49d0,0x0000000084f00000)
 Metaspace       used 20573K, capacity 21224K, committed 21296K, reserved 1067008K
  class space    used 2879K, capacity 3076K, committed 3120K, reserved 1048576K
Event: 2.661 GC heap after
Heap after GC invocations=5 (full 0):
 PSYoungGen      total 127488K, used 4596K [0x00000000d5580000, 0x00000000dd680000, 0x0000000100000000)
  eden space 122880K, 0% used [0x00000000d5580000,0x00000000d5580000,0x00000000dcd80000)
  from space 4608K, 99% used [0x00000000dcd80000,0x00000000dd1fd030,0x00000000dd200000)
  to   space 4608K, 0% used [0x00000000dd200000,0x00000000dd200000,0x00000000dd680000)
 ParOldGen       total 80896K, used 11804K [0x0000000080000000, 0x0000000084f00000, 0x00000000d5580000)
  object space 80896K, 14% used [0x0000000080000000,0x0000000080b871f0,0x0000000084f00000)
 Metaspace       used 20573K, capacity 21224K, committed 21296K, reserved 1067008K
  class space    used 2879K, capacity 3076K, committed 3120K, reserved 1048576K
}
Event: 2.661 GC heap before
{Heap before GC invocations=6 (full 1):
 PSYoungGen      total 127488K, used 4596K [0x00000000d5580000, 0x00000000dd680000, 0x0000000100000000)
  eden space 122880K, 0% used [0x00000000d5580000,0x00000000d5580000,0x00000000dcd80000)
  from space 4608K, 99% used [0x00000000dcd80000,0x00000000dd1fd030,0x00000000dd200000)
  to   space 4608K, 0% used [0x00000000dd200000,0x00000000dd200000,0x00000000dd680000)
 ParOldGen       total 80896K, used 11804K [0x0000000080000000, 0x0000000084f00000, 0x00000000d5580000)
  object space 80896K, 14% used [0x0000000080000000,0x0000000080b871f0,0x0000000084f00000)
 Metaspace       used 20573K, capacity 21224K, committed 21296K, reserved 1067008K
  class space    used 2879K, capacity 3076K, committed 3120K, reserved 1048576K
Event: 2.695 GC heap after
Heap after GC invocations=6 (full 1):
 PSYoungGen      total 127488K, used 0K [0x00000000d5580000, 0x00000000dd680000, 0x0000000100000000)
  eden space 122880K, 0% used [0x00000000d5580000,0x00000000d5580000,0x00000000dcd80000)
  from space 4608K, 0% used [0x00000000dcd80000,0x00000000dcd80000,0x00000000dd200000)
  to   space 4608K, 0% used [0x00000000dd200000,0x00000000dd200000,0x00000000dd680000)
 ParOldGen       total 56320K, used 7916K [0x0000000080000000, 0x0000000083700000, 0x00000000d5580000)
  object space 56320K, 14% used [0x0000000080000000,0x00000000807bb150,0x0000000083700000)
 Metaspace       used 20573K, capacity 21224K, committed 21296K, reserved 1067008K
  class space    used 2879K, capacity 3076K, committed 3120K, reserved 1048576K
}
Event: 3.863 GC heap before
{Heap before GC invocations=7 (full 1):
 PSYoungGen      total 127488K, used 122880K [0x00000000d5580000, 0x00000000dd680000, 0x0000000100000000)
  eden space 122880K, 100% used [0x00000000d5580000,0x00000000dcd80000,0x00000000dcd80000)
  from space 4608K, 0% used [0x00000000dcd80000,0x00000000dcd80000,0x00000000dd200000)
  to   space 4608K, 0% used [0x00000000dd200000,0x00000000dd200000,0x00000000dd680000)
 ParOldGen       total 56320K, used 7916K [0x0000000080000000, 0x0000000083700000, 0x00000000d5580000)
  object space 56320K, 14% used [0x0000000080000000,0x00000000807bb150,0x0000000083700000)
 Metaspace       used 32563K, capacity 33578K, committed 33712K, reserved 1079296K
  class space    used 4445K, capacity 4719K, committed 4784K, reserved 1048576K
Event: 3.877 GC heap after
Heap after GC invocations=7 (full 1):
 PSYoungGen      total 117248K, used 4608K [0x00000000d5580000, 0x00000000e3600000, 0x0000000100000000)
  eden space 112640K, 0% used [0x00000000d5580000,0x00000000d5580000,0x00000000dc380000)
  from space 4608K, 100% used [0x00000000dd200000,0x00000000dd680000,0x00000000dd680000)
  to   space 14848K, 0% used [0x00000000dc380000,0x00000000dc380000,0x00000000dd200000)
 ParOldGen       total 56320K, used 16691K [0x0000000080000000, 0x0000000083700000, 0x00000000d5580000)
  object space 56320K, 29% used [0x0000000080000000,0x000000008104ce38,0x0000000083700000)
 Metaspace       used 32563K, capacity 33578K, committed 33712K, reserved 1079296K
  class space    used 4445K, capacity 4719K, committed 4784K, reserved 1048576K
}

