# JRE version: OpenJDK Runtime Environment (8.0_242-b01) (build 1.8.0_242-release-1644-b01)
# Java VM: OpenJDK 64-Bit Server VM (25.242-b01 mixed mode windows-amd64 compressed oops)
Heap:
 PSYoungGen      total 66048K, used 22529K [0x00000000d5580000, 0x00000000d9a80000, 0x0000000100000000)
  eden space 61440K, 29% used [0x00000000d5580000,0x00000000d6704438,0x00000000d9180000)
  from space 4608K, 99% used [0x00000000d9600000,0x00000000d9a7c010,0x00000000d9a80000)
  to   space 4608K, 0% used [0x00000000d9180000,0x00000000d9180000,0x00000000d9600000)
 ParOldGen       total 80896K, used 3147K [0x0000000080000000, 0x0000000084f00000, 0x00000000d5580000)
  object space 80896K, 3% used [0x0000000080000000,0x0000000080312ca8,0x0000000084f00000)
 Metaspace       used 16387K, capacity 16922K, committed 17280K, reserved 1064960K
  class space    used 2182K, capacity 2335K, committed 2432K, reserved 1048576K
GC Heap History (8 events):
Event: 0.821 GC heap before
{Heap before GC invocations=1 (full 0):
 PSYoungGen      total 35328K, used 30720K [0x00000000d5580000, 0x00000000d7c80000, 0x0000000100000000)
  eden space 30720K, 100% used [0x00000000d5580000,0x00000000d7380000,0x00000000d7380000)
  from space 4608K, 0% used [0x00000000d7800000,0x00000000d7800000,0x00000000d7c80000)
  to   space 4608K, 0% used [0x00000000d7380000,0x00000000d7380000,0x00000000d7800000)
 ParOldGen       total 80896K, used 0K [0x0000000080000000, 0x0000000084f00000, 0x00000000d5580000)
  object space 80896K, 0% used [0x0000000080000000,0x0000000080000000,0x0000000084f00000)
 Metaspace       used 7486K, capacity 7774K, committed 8064K, reserved 1056768K
  class space    used 929K, capacity 1037K, committed 1152K, reserved 1048576K
Event: 0.829 GC heap after
Heap after GC invocations=1 (full 0):
 PSYoungGen      total 35328K, used 4447K [0x00000000d5580000, 0x00000000d7c80000, 0x0000000100000000)
  eden space 30720K, 0% used [0x00000000d5580000,0x00000000d5580000,0x00000000d7380000)
  from space 4608K, 96% used [0x00000000d7380000,0x00000000d77d7d68,0x00000000d7800000)
  to   space 4608K, 0% used [0x00000000d7800000,0x00000000d7800000,0x00000000d7c80000)
 ParOldGen       total 80896K, used 16K [0x0000000080000000, 0x0000000084f00000, 0x00000000d5580000)
  object space 80896K, 0% used [0x0000000080000000,0x0000000080004000,0x0000000084f00000)
 Metaspace       used 7486K, capacity 7774K, committed 8064K, reserved 1056768K
  class space    used 929K, capacity 1037K, committed 1152K, reserved 1048576K
}
Event: 1.071 GC heap before
{Heap before GC invocations=2 (full 0):
 PSYoungGen      total 35328K, used 35167K [0x00000000d5580000, 0x00000000d7c80000, 0x0000000100000000)
  eden space 30720K, 100% used [0x00000000d5580000,0x00000000d7380000,0x00000000d7380000)
  from space 4608K, 96% used [0x00000000d7380000,0x00000000d77d7d68,0x00000000d7800000)
  to   space 4608K, 0% used [0x00000000d7800000,0x00000000d7800000,0x00000000d7c80000)
 ParOldGen       total 80896K, used 16K [0x0000000080000000, 0x0000000084f00000, 0x00000000d5580000)
  object space 80896K, 0% used [0x0000000080000000,0x0000000080004000,0x0000000084f00000)
 Metaspace       used 7672K, capacity 7902K, committed 8064K, reserved 1056768K
  class space    used 938K, capacity 1037K, committed 1152K, reserved 1048576K
Event: 1.075 GC heap after
Heap after GC invocations=2 (full 0):
 PSYoungGen      total 35328K, used 3229K [0x00000000d5580000, 0x00000000d9a80000, 0x0000000100000000)
  eden space 30720K, 0% used [0x00000000d5580000,0x00000000d5580000,0x00000000d7380000)
  from space 4608K, 70% used [0x00000000d7800000,0x00000000d7b277f0,0x00000000d7c80000)
  to   space 4608K, 0% used [0x00000000d7380000,0x00000000d7380000,0x00000000d7800000)
 ParOldGen       total 80896K, used 24K [0x0000000080000000, 0x0000000084f00000, 0x00000000d5580000)
  object space 80896K, 0% used [0x0000000080000000,0x0000000080006000,0x0000000084f00000)
 Metaspace       used 7672K, capacity 7902K, committed 8064K, reserved 1056768K
  class space    used 938K, capacity 1037K, committed 1152K, reserved 1048576K
}
Event: 1.440 GC heap before
{Heap before GC invocations=3 (full 0):
 PSYoungGen      total 35328K, used 33949K [0x00000000d5580000, 0x00000000d9a80000, 0x0000000100000000)
  eden space 30720K, 100% used [0x00000000d5580000,0x00000000d7380000,0x00000000d7380000)
  from space 4608K, 70% used [0x00000000d7800000,0x00000000d7b277f0,0x00000000d7c80000)
  to   space 4608K, 0% used [0x00000000d7380000,0x00000000d7380000,0x00000000d7800000)
 ParOldGen       total 80896K, used 24K [0x0000000080000000, 0x0000000084f00000, 0x00000000d5580000)
  object space 80896K, 0% used [0x0000000080000000,0x0000000080006000,0x0000000084f00000)
 Metaspace       used 10447K, capacity 10750K, committed 11008K, reserved 1058816K
  class space    used 1397K, capacity 1477K, committed 1536K, reserved 1048576K
Event: 1.446 GC heap after
Heap after GC invocations=3 (full 0):
 PSYoungGen      total 35328K, used 4576K [0x00000000d5580000, 0x00000000d9a80000, 0x0000000100000000)
  eden space 30720K, 0% used [0x00000000d5580000,0x00000000d5580000,0x00000000d7380000)
  from space 4608K, 99% used [0x00000000d7380000,0x00000000d77f8020,0x00000000d7800000)
  to   space 4608K, 0% used [0x00000000d9600000,0x00000000d9600000,0x00000000d9a80000)
 ParOldGen       total 80896K, used 792K [0x0000000080000000, 0x0000000084f00000, 0x00000000d5580000)
  object space 80896K, 0% used [0x0000000080000000,0x00000000800c6398,0x0000000084f00000)
 Metaspace       used 10447K, capacity 10750K, committed 11008K, reserved 1058816K
  class space    used 1397K, capacity 1477K, committed 1536K, reserved 1048576K
}
Event: 1.995 GC heap before
{Heap before GC invocations=4 (full 0):
 PSYoungGen      total 35328K, used 35296K [0x00000000d5580000, 0x00000000d9a80000, 0x0000000100000000)
  eden space 30720K, 100% used [0x00000000d5580000,0x00000000d7380000,0x00000000d7380000)
  from space 4608K, 99% used [0x00000000d7380000,0x00000000d77f8020,0x00000000d7800000)
  to   space 4608K, 0% used [0x00000000d9600000,0x00000000d9600000,0x00000000d9a80000)
 ParOldGen       total 80896K, used 792K [0x0000000080000000, 0x0000000084f00000, 0x00000000d5580000)
  object space 80896K, 0% used [0x0000000080000000,0x00000000800c6398,0x0000000084f00000)
 Metaspace       used 13860K, capacity 14312K, committed 14336K, reserved 1062912K
  class space    used 1908K, capacity 2044K, committed 2048K, reserved 1048576K
Event: 2.004 GC heap after
Heap after GC invocations=4 (full 0):
 PSYoungGen      total 66048K, used 4592K [0x00000000d5580000, 0x00000000d9a80000, 0x0000000100000000)
  eden space 61440K, 0% used [0x00000000d5580000,0x00000000d5580000,0x00000000d9180000)
  from space 4608K, 99% used [0x00000000d9600000,0x00000000d9a7c010,0x00000000d9a80000)
  to   space 4608K, 0% used [0x00000000d9180000,0x00000000d9180000,0x00000000d9600000)
 ParOldGen       total 80896K, used 3147K [0x0000000080000000, 0x0000000084f00000, 0x00000000d5580000)
  object space 80896K, 3% used [0x0000000080000000,0x0000000080312ca8,0x0000000084f00000)
 Metaspace       used 13860K, capacity 14312K, committed 14336K, reserved 1062912K
  class space    used 1908K, capacity 2044K, committed 2048K, reserved 1048576K
}

